-------------------------------------------------------------------------------
Test set: TestSuite
-------------------------------------------------------------------------------
Tests run: 4, Failures: 1, Errors: 0, Skipped: 0, Time elapsed: 84.827 sec <<< FAILURE! - in TestSuite
verifyLoginPageTitleTest(com.qa.hubspot.tests.LoginPageTest)  Time elapsed: 10.46 sec  <<< FAILURE!
java.lang.AssertionError: expected [HubSpot Login123] but found [HubSpot Login]
	at com.qa.hubspot.tests.LoginPageTest.verifyLoginPageTitleTest(LoginPageTest.java:49)

